app/build/outputs/logs/manifest-merger-debug-report.txt
-- Merging decision tree log ---
manifest
ADDED from src\main\AndroidManifest.xml:2:1-113:12
INJECTED from src\main\AndroidManifest.xml:2:1-113:12
INJECTED from src\main\AndroidManifest.xml:2:1-113:12
INJECTED from src\main\AndroidManifest.xml:2:1-113:12
MERGED from [com.android.support:design:23.4.0] AndroidManifest.xml:17:1-24:12
MERGED from [com.github.paolorotolo:appintro:4.0.0] AndroidManifest.xml:2:1-11:12
MERGED from [com.theartofdev.edmodo:android-image-cropper:2.3.1] AndroidManifest.xml:2:1-12:12
MERGED from [com.rengwuxian.materialedittext:library:2.1.4] AndroidManifest.xml:2:1-10:12
MERGED from [com.android.support:appcompat-v7:24.1.1] AndroidManifest.xml:17:1-27:12
MERGED from [com.mcxiaoke.volley:library-aar:1.0.0] AndroidManifest.xml:1:70-7:12
MERGED from [com.android.support:cardview-v7:23.4.0] AndroidManifest.xml:17:1-24:12
MERGED from [jp.wasabeef:glide-transformations:2.0.1] AndroidManifest.xml:2:1-12:12
MERGED from [com.andkulikov:transitionseverywhere:1.7.0] AndroidManifest.xml:2:1-14:12
MERGED from [com.android.support:recyclerview-v7:23.4.0] AndroidManifest.xml:17:1-22:12
MERGED from [com.android.support:animated-vector-drawable:24.1.1] AndroidManifest.xml:17:1-24:12
MERGED from [com.android.support:support-vector-drawable:24.1.1] AndroidManifest.xml:17:1-25:12
MERGED from [com.android.support:support-v4:24.1.1] AndroidManifest.xml:17:1-27:12
MERGED from [jp.wasabeef:picasso-transformations:2.1.0] AndroidManifest.xml:2:1-12:12
MERGED from [jp.co.cyberagent.android.gpuimage:gpuimage-library:1.4.1] AndroidManifest.xml:2:1-12:12
INJECTED from src\main\AndroidManifest.xml:2:1-113:12
INJECTED from src\main\AndroidManifest.xml:2:1-113:12
INJECTED from src\main\AndroidManifest.xml:2:1-113:12
	package
		ADDED from src\main\AndroidManifest.xml:3:5-29
		INJECTED from src\main\AndroidManifest.xml
		INJECTED from src\main\AndroidManifest.xml
	android:versionName
		ADDED from src\main\AndroidManifest.xml:5:5-36
		INJECTED from src\main\AndroidManifest.xml
		INJECTED from src\main\AndroidManifest.xml
	xmlns:android
		ADDED from src\main\AndroidManifest.xml:2:11-69
	android:versionCode
		ADDED from src\main\AndroidManifest.xml:4:5-33
		INJECTED from src\main\AndroidManifest.xml
		INJECTED from src\main\AndroidManifest.xml
uses-permission#android.permission.INTERNET
ADDED from src\main\AndroidManifest.xml:8:5-67
	android:name
		ADDED from src\main\AndroidManifest.xml:8:22-64
uses-permission#android.permission.ACCESS_FINE_LOCATION
ADDED from src\main\AndroidManifest.xml:9:5-79
	android:name
		ADDED from src\main\AndroidManifest.xml:9:22-76
uses-permission#android.permission.READ_PHONE_STATE
ADDED from src\main\AndroidManifest.xml:10:5-75
	android:name
		ADDED from src\main\AndroidManifest.xml:10:22-72
uses-permission#android.permission.ACCESS_NETWORK_STATE
ADDED from src\main\AndroidManifest.xml:11:5-79
	android:name
		ADDED from src\main\AndroidManifest.xml:11:22-76
uses-permission#android.permission.SEND_SMS
ADDED from src\main\AndroidManifest.xml:12:5-67
	android:name
		ADDED from src\main\AndroidManifest.xml:12:22-64
uses-permission#android.permission.WRITE_EXTERNAL_STORAGE
ADDED from src\main\AndroidManifest.xml:13:5-81
	android:name
		ADDED from src\main\AndroidManifest.xml:13:22-78
uses-permission#android.permission.READ_EXTERNAL_STORAGE
ADDED from src\main\AndroidManifest.xml:14:5-80
	android:name
		ADDED from src\main\AndroidManifest.xml:14:22-77
application
ADDED from src\main\AndroidManifest.xml:17:5-111:19
MERGED from [com.android.support:design:23.4.0] AndroidManifest.xml:22:5-20
MERGED from [com.android.support:design:23.4.0] AndroidManifest.xml:22:5-20
MERGED from [com.android.support:appcompat-v7:24.1.1] AndroidManifest.xml:25:5-20
MERGED from [com.android.support:appcompat-v7:24.1.1] AndroidManifest.xml:25:5-20
MERGED from [com.mcxiaoke.volley:library-aar:1.0.0] AndroidManifest.xml:5:5-19
MERGED from [com.mcxiaoke.volley:library-aar:1.0.0] AndroidManifest.xml:5:5-19
MERGED from [com.android.support:cardview-v7:23.4.0] AndroidManifest.xml:22:5-20
MERGED from [com.android.support:cardview-v7:23.4.0] AndroidManifest.xml:22:5-20
MERGED from [com.andkulikov:transitionseverywhere:1.7.0] AndroidManifest.xml:12:5-20
MERGED from [com.andkulikov:transitionseverywhere:1.7.0] AndroidManifest.xml:12:5-20
MERGED from [com.android.support:animated-vector-drawable:24.1.1] AndroidManifest.xml:22:5-20
MERGED from [com.android.support:animated-vector-drawable:24.1.1] AndroidManifest.xml:22:5-20
MERGED from [com.android.support:support-vector-drawable:24.1.1] AndroidManifest.xml:23:5-20
MERGED from [com.android.support:support-vector-drawable:24.1.1] AndroidManifest.xml:23:5-20
MERGED from [com.android.support:support-v4:24.1.1] AndroidManifest.xml:25:5-20
MERGED from [com.android.support:support-v4:24.1.1] AndroidManifest.xml:25:5-20
	android:supportsRtl
		ADDED from src\main\AndroidManifest.xml:22:9-35
	android:label
		ADDED from src\main\AndroidManifest.xml:21:9-41
	android:icon
		ADDED from src\main\AndroidManifest.xml:20:9-45
	android:allowBackup
		ADDED from src\main\AndroidManifest.xml:19:9-35
	android:theme
		ADDED from src\main\AndroidManifest.xml:23:9-55
	android:name
		ADDED from src\main\AndroidManifest.xml:18:9-42
activity#site.visit.wmi.activity.LoginActivity
ADDED from src\main\AndroidManifest.xml:24:9-34:20
	android:label
		ADDED from src\main\AndroidManifest.xml:26:13-45
	android:launchMode
		ADDED from src\main\AndroidManifest.xml:27:13-43
	android:windowSoftInputMode
		ADDED from src\main\AndroidManifest.xml:28:13-52
	android:name
		ADDED from src\main\AndroidManifest.xml:25:13-51
intent-filter#action:name:android.intent.action.MAIN+category:name:android.intent.category.LAUNCHER
ADDED from src\main\AndroidManifest.xml:29:13-33:29
action#android.intent.action.MAIN
ADDED from src\main\AndroidManifest.xml:30:17-69
	android:name
		ADDED from src\main\AndroidManifest.xml:30:25-66
category#android.intent.category.LAUNCHER
ADDED from src\main\AndroidManifest.xml:32:17-77
	android:name
		ADDED from src\main\AndroidManifest.xml:32:27-74
activity#site.visit.wmi.activity.RegisterActivity
ADDED from src\main\AndroidManifest.xml:35:9-39:55
	android:label
		ADDED from src\main\AndroidManifest.xml:37:13-45
	android:launchMode
		ADDED from src\main\AndroidManifest.xml:38:13-43
	android:windowSoftInputMode
		ADDED from src\main\AndroidManifest.xml:39:13-52
	android:name
		ADDED from src\main\AndroidManifest.xml:36:13-54
activity#site.visit.wmi.activity.MainActivity
ADDED from src\main\AndroidManifest.xml:40:9-43:12
	android:label
		ADDED from src\main\AndroidManifest.xml:42:13-45
	android:name
		ADDED from src\main\AndroidManifest.xml:41:13-50
activity#site.visit.wmi.activity.MainActivityManager
ADDED from src\main\AndroidManifest.xml:44:9-47:13
	android:label
		ADDED from src\main\AndroidManifest.xml:46:13-45
	android:name
		ADDED from src\main\AndroidManifest.xml:45:13-57
activity#site.visit.wmi.visit.myVisit
ADDED from src\main\AndroidManifest.xml:48:9-52:41
	android:launchMode
		ADDED from src\main\AndroidManifest.xml:51:13-43
	android:noHistory
		ADDED from src\main\AndroidManifest.xml:52:13-39
	android:theme
		ADDED from src\main\AndroidManifest.xml:50:13-52
	android:name
		ADDED from src\main\AndroidManifest.xml:49:13-42
activity#site.visit.wmi.visit.outstandingVisit
ADDED from src\main\AndroidManifest.xml:53:9-57:41
	android:launchMode
		ADDED from src\main\AndroidManifest.xml:56:13-43
	android:noHistory
		ADDED from src\main\AndroidManifest.xml:57:13-39
	android:theme
		ADDED from src\main\AndroidManifest.xml:55:13-52
	android:name
		ADDED from src\main\AndroidManifest.xml:54:13-51
activity#site.visit.wmi.visit.VisitAdd
ADDED from src\main\AndroidManifest.xml:58:9-60:59
	android:theme
		ADDED from src\main\AndroidManifest.xml:60:13-56
	android:name
		ADDED from src\main\AndroidManifest.xml:59:13-43
activity#site.visit.wmi.visit.VisitContinue
ADDED from src\main\AndroidManifest.xml:61:9-63:59
	android:theme
		ADDED from src\main\AndroidManifest.xml:63:13-56
	android:name
		ADDED from src\main\AndroidManifest.xml:62:13-48
activity#site.visit.wmi.visit.SiteList
ADDED from src\main\AndroidManifest.xml:64:9-68:15
	android:label
		ADDED from src\main\AndroidManifest.xml:66:13-61
	android:theme
		ADDED from src\main\AndroidManifest.xml:67:13-52
	android:name
		ADDED from src\main\AndroidManifest.xml:65:13-43
activity#site.visit.wmi.visit.SiteReport
ADDED from src\main\AndroidManifest.xml:69:9-72:55
	android:label
		ADDED from src\main\AndroidManifest.xml:71:13-61
	android:theme
		ADDED from src\main\AndroidManifest.xml:72:13-52
	android:name
		ADDED from src\main\AndroidManifest.xml:70:13-45
activity#site.visit.wmi.visit.SiteListOffline
ADDED from src\main\AndroidManifest.xml:73:9-76:55
	android:label
		ADDED from src\main\AndroidManifest.xml:75:13-61
	android:theme
		ADDED from src\main\AndroidManifest.xml:76:13-52
	android:name
		ADDED from src\main\AndroidManifest.xml:74:13-50
activity#site.visit.wmi.activity.PPActivity
ADDED from src\main\AndroidManifest.xml:78:9-81:47
	android:label
		ADDED from src\main\AndroidManifest.xml:80:13-29
	android:theme
		ADDED from src\main\AndroidManifest.xml:81:13-45
	android:name
		ADDED from src\main\AndroidManifest.xml:79:13-48
activity#site.visit.wmi.activity.ProfileActivity
ADDED from src\main\AndroidManifest.xml:82:9-85:47
	android:label
		ADDED from src\main\AndroidManifest.xml:84:13-29
	android:theme
		ADDED from src\main\AndroidManifest.xml:85:13-45
	android:name
		ADDED from src\main\AndroidManifest.xml:83:13-53
activity#com.theartofdev.edmodo.cropper.CropImageActivity
ADDED from src\main\AndroidManifest.xml:87:9-84
	android:name
		ADDED from src\main\AndroidManifest.xml:87:19-82
activity#site.visit.wmi.activity.SplashscreenActivity
ADDED from src\main\AndroidManifest.xml:88:9-92:54
	android:label
		ADDED from src\main\AndroidManifest.xml:91:13-64
	android:configChanges
		ADDED from src\main\AndroidManifest.xml:90:13-74
	android:theme
		ADDED from src\main\AndroidManifest.xml:92:13-51
	android:name
		ADDED from src\main\AndroidManifest.xml:89:13-58
activity#site.visit.wmi.activity.SettingActivity
ADDED from src\main\AndroidManifest.xml:93:9-71
	android:name
		ADDED from src\main\AndroidManifest.xml:93:19-59
receiver#site.visit.wmi.location.ConnectivityReceiver
ADDED from src\main\AndroidManifest.xml:95:9-102:20
	android:enabled
		ADDED from src\main\AndroidManifest.xml:97:13-35
	android:name
		ADDED from src\main\AndroidManifest.xml:96:13-58
intent-filter#action:name:android.net.conn.CONNECTIVITY_CHANGE+action:name:android.net.wifi.WIFI_STATE_CHANGED
ADDED from src\main\AndroidManifest.xml:98:13-101:29
action#android.net.conn.CONNECTIVITY_CHANGE
ADDED from src\main\AndroidManifest.xml:99:17-79
	android:name
		ADDED from src\main\AndroidManifest.xml:99:25-76
action#android.net.wifi.WIFI_STATE_CHANGED
ADDED from src\main\AndroidManifest.xml:100:17-78
	android:name
		ADDED from src\main\AndroidManifest.xml:100:25-75
receiver#site.visit.wmi.activity.WidgetImav
ADDED from src\main\AndroidManifest.xml:103:9-109:20
	android:name
		ADDED from src\main\AndroidManifest.xml:103:19-54
intent-filter#action:name:android.appwidget.action.APPWIDGET_UPDATE
ADDED from src\main\AndroidManifest.xml:104:13-106:29
action#android.appwidget.action.APPWIDGET_UPDATE
ADDED from src\main\AndroidManifest.xml:105:17-84
	android:name
		ADDED from src\main\AndroidManifest.xml:105:25-81
meta-data#android.appwidget.provider
ADDED from src\main\AndroidManifest.xml:107:13-108:55
	android:resource
		ADDED from src\main\AndroidManifest.xml:108:17-52
	android:name
		ADDED from src\main\AndroidManifest.xml:107:24-65
service#site.visit.wmi.activity.BackgroundUpdateApp
ADDED from src\main\AndroidManifest.xml:110:9-89
	android:exported
		ADDED from src\main\AndroidManifest.xml:110:63-87
	android:name
		ADDED from src\main\AndroidManifest.xml:110:18-62
uses-sdk
INJECTED from src\main\AndroidManifest.xml reason: use-sdk injection requested
INJECTED from src\main\AndroidManifest.xml
INJECTED from src\main\AndroidManifest.xml
MERGED from [com.android.support:design:23.4.0] AndroidManifest.xml:20:5-43
MERGED from [com.android.support:design:23.4.0] AndroidManifest.xml:20:5-43
MERGED from [com.github.paolorotolo:appintro:4.0.0] AndroidManifest.xml:7:5-9:41
MERGED from [com.github.paolorotolo:appintro:4.0.0] AndroidManifest.xml:7:5-9:41
MERGED from [com.theartofdev.edmodo:android-image-cropper:2.3.1] AndroidManifest.xml:8:5-10:41
MERGED from [com.theartofdev.edmodo:android-image-cropper:2.3.1] AndroidManifest.xml:8:5-10:41
MERGED from [com.rengwuxian.materialedittext:library:2.1.4] AndroidManifest.xml:6:5-8:41
MERGED from [com.rengwuxian.materialedittext:library:2.1.4] AndroidManifest.xml:6:5-8:41
MERGED from [com.android.support:appcompat-v7:24.1.1] AndroidManifest.xml:21:5-23:78
MERGED from [com.android.support:appcompat-v7:24.1.1] AndroidManifest.xml:21:5-23:78
MERGED from [com.mcxiaoke.volley:library-aar:1.0.0] AndroidManifest.xml:3:5-72
MERGED from [com.mcxiaoke.volley:library-aar:1.0.0] AndroidManifest.xml:3:5-72
MERGED from [com.android.support:cardview-v7:23.4.0] AndroidManifest.xml:20:5-43
MERGED from [com.android.support:cardview-v7:23.4.0] AndroidManifest.xml:20:5-43
MERGED from [jp.wasabeef:glide-transformations:2.0.1] AndroidManifest.xml:8:5-10:41
MERGED from [jp.wasabeef:glide-transformations:2.0.1] AndroidManifest.xml:8:5-10:41
MERGED from [com.andkulikov:transitionseverywhere:1.7.0] AndroidManifest.xml:8:5-10:41
MERGED from [com.andkulikov:transitionseverywhere:1.7.0] AndroidManifest.xml:8:5-10:41
MERGED from [com.android.support:recyclerview-v7:23.4.0] AndroidManifest.xml:20:5-43
MERGED from [com.android.support:recyclerview-v7:23.4.0] AndroidManifest.xml:20:5-43
MERGED from [com.android.support:animated-vector-drawable:24.1.1] AndroidManifest.xml:20:5-44
MERGED from [com.android.support:animated-vector-drawable:24.1.1] AndroidManifest.xml:20:5-44
MERGED from [com.android.support:support-vector-drawable:24.1.1] AndroidManifest.xml:21:5-43
MERGED from [com.android.support:support-vector-drawable:24.1.1] AndroidManifest.xml:21:5-43
MERGED from [com.android.support:support-v4:24.1.1] AndroidManifest.xml:21:5-23:54
MERGED from [com.android.support:support-v4:24.1.1] AndroidManifest.xml:21:5-23:54
MERGED from [jp.wasabeef:picasso-transformations:2.1.0] AndroidManifest.xml:8:5-10:41
MERGED from [jp.wasabeef:picasso-transformations:2.1.0] AndroidManifest.xml:8:5-10:41
MERGED from [jp.co.cyberagent.android.gpuimage:gpuimage-library:1.4.1] AndroidManifest.xml:8:5-10:41
MERGED from [jp.co.cyberagent.android.gpuimage:gpuimage-library:1.4.1] AndroidManifest.xml:8:5-10:41
INJECTED from src\main\AndroidManifest.xml
INJECTED from src\main\AndroidManifest.xml
	tools:overrideLibrary
		ADDED from [com.android.support:appcompat-v7:24.1.1] AndroidManifest.xml:23:9-75
	android:targetSdkVersion
		INJECTED from src\main\AndroidManifest.xml
		ADDED from src\main\AndroidManifest.xml
		INJECTED from src\main\AndroidManifest.xml
	android:minSdkVersion
		INJECTED from src\main\AndroidManifest.xml
		ADDED from src\main\AndroidManifest.xml
		INJECTED from src\main\AndroidManifest.xml